2023/05/07 11:20:16 - INFO - https://timesaver.com.br/controller/read/medicos?medico=Marcos%20de%20abreu%20bonardi&id=1
2023/05/08 02:30:55 - INFO - ====== WebDriver manager ======
2023/05/08 02:30:56 - INFO - Get LATEST chromedriver version for google-chrome 112.0.5615
2023/05/08 02:30:56 - INFO - Driver [C:\Users\leona\.wdm\drivers\chromedriver\win32\112.0.5615\chromedriver.exe] found in cache
2023/05/08 02:31:06 - INFO - ====== WebDriver manager ======
2023/05/08 02:31:07 - INFO - Get LATEST chromedriver version for google-chrome 112.0.5615
2023/05/08 02:31:08 - INFO - Driver [C:\Users\leona\.wdm\drivers\chromedriver\win32\112.0.5615\chromedriver.exe] found in cache
2023/05/08 02:31:18 - INFO - convenio utilizado:[Selecione o convênio]
2023/05/08 02:38:15 - INFO - ====== WebDriver manager ======
2023/05/08 02:38:15 - INFO - Get LATEST chromedriver version for google-chrome 112.0.5615
2023/05/08 02:38:16 - INFO - Driver [C:\Users\leona\.wdm\drivers\chromedriver\win32\112.0.5615\chromedriver.exe] found in cache
2023/05/08 02:38:45 - INFO - ====== WebDriver manager ======
2023/05/08 02:38:46 - INFO - Get LATEST chromedriver version for google-chrome 112.0.5615
2023/05/08 02:38:47 - INFO - Driver [C:\Users\leona\.wdm\drivers\chromedriver\win32\112.0.5615\chromedriver.exe] found in cache
2023/05/08 02:38:59 - ERROR - Message: no such element: Unable to locate element: {"method":"xpath","selector":"//*[@id="appointment-professional"]/option[2]"}
  (Session info: chrome=112.0.5615.138)
Stacktrace:
Backtrace:
	GetHandleVerifier [0x007EDCE3+50899]
	(No symbol) [0x0077E111]
	(No symbol) [0x00685588]
	(No symbol) [0x006B08F9]
	(No symbol) [0x006B0AFB]
	(No symbol) [0x006DF902]
	(No symbol) [0x006CB944]
	(No symbol) [0x006DE01C]
	(No symbol) [0x006CB6F6]
	(No symbol) [0x006A7708]
	(No symbol) [0x006A886D]
	GetHandleVerifier [0x00A53EAE+2566302]
	GetHandleVerifier [0x00A892B1+2784417]
	GetHandleVerifier [0x00A8327C+2759788]
	GetHandleVerifier [0x00885740+672048]
	(No symbol) [0x00788872]
	(No symbol) [0x007841C8]
	(No symbol) [0x007842AB]
	(No symbol) [0x007771B7]
	BaseThreadInitThunk [0x76CE0099+25]
	RtlGetAppContainerNamedObjectPath [0x77C37B6E+286]
	RtlGetAppContainerNamedObjectPath [0x77C37B3E+238]
Traceback (most recent call last):
  File "D:\Desenvolvimento\OneDrive - Syara Education\desenvolvimento\TimeSaver\totem\bots.pyw", line 156, in exec
    data = stenci.get_infos()
  File "D:\Desenvolvimento\OneDrive - Syara Education\desenvolvimento\TimeSaver\totem\src\bot\stenci.py", line 108, in get_infos
    select = self.i.element('//*[@id="appointment-professional"]/option[2]').get_attribute('text')
  File "D:\Desenvolvimento\OneDrive - Syara Education\desenvolvimento\TimeSaver\totem\src\interation\__init__.py", line 62, in element
    element = self.driver.find_element(method, tag)
  File "D:\Desenvolvimento\OneDrive - Syara Education\desenvolvimento\TimeSaver\totem\tutorial-env\lib\site-packages\selenium\webdriver\remote\webdriver.py", line 831, in find_element
    return self.execute(Command.FIND_ELEMENT, {"using": by, "value": value})["value"]
  File "D:\Desenvolvimento\OneDrive - Syara Education\desenvolvimento\TimeSaver\totem\tutorial-env\lib\site-packages\selenium\webdriver\remote\webdriver.py", line 440, in execute
    self.error_handler.check_response(response)
  File "D:\Desenvolvimento\OneDrive - Syara Education\desenvolvimento\TimeSaver\totem\tutorial-env\lib\site-packages\selenium\webdriver\remote\errorhandler.py", line 245, in check_response
    raise exception_class(message, screen, stacktrace)
selenium.common.exceptions.NoSuchElementException: Message: no such element: Unable to locate element: {"method":"xpath","selector":"//*[@id="appointment-professional"]/option[2]"}
  (Session info: chrome=112.0.5615.138)
Stacktrace:
Backtrace:
	GetHandleVerifier [0x007EDCE3+50899]
	(No symbol) [0x0077E111]
	(No symbol) [0x00685588]
	(No symbol) [0x006B08F9]
	(No symbol) [0x006B0AFB]
	(No symbol) [0x006DF902]
	(No symbol) [0x006CB944]
	(No symbol) [0x006DE01C]
	(No symbol) [0x006CB6F6]
	(No symbol) [0x006A7708]
	(No symbol) [0x006A886D]
	GetHandleVerifier [0x00A53EAE+2566302]
	GetHandleVerifier [0x00A892B1+2784417]
	GetHandleVerifier [0x00A8327C+2759788]
	GetHandleVerifier [0x00885740+672048]
	(No symbol) [0x00788872]
	(No symbol) [0x007841C8]
	(No symbol) [0x007842AB]
	(No symbol) [0x007771B7]
	BaseThreadInitThunk [0x76CE0099+25]
	RtlGetAppContainerNamedObjectPath [0x77C37B6E+286]
	RtlGetAppContainerNamedObjectPath [0x77C37B3E+238]

2023/05/08 02:39:17 - INFO - ====== WebDriver manager ======
2023/05/08 02:39:17 - INFO - Get LATEST chromedriver version for google-chrome 112.0.5615
2023/05/08 02:39:18 - INFO - Driver [C:\Users\leona\.wdm\drivers\chromedriver\win32\112.0.5615\chromedriver.exe] found in cache
2023/05/08 02:39:29 - INFO - convenio utilizado:Cassi
2023/05/08 02:40:16 - INFO - ====== WebDriver manager ======
2023/05/08 02:40:17 - INFO - Get LATEST chromedriver version for google-chrome 112.0.5615
2023/05/08 02:40:18 - INFO - Driver [C:\Users\leona\.wdm\drivers\chromedriver\win32\112.0.5615\chromedriver.exe] found in cache
2023/05/08 02:40:26 - INFO - convenio utilizado:Cassi
2023/05/08 02:41:42 - INFO - ====== WebDriver manager ======
2023/05/08 02:41:43 - INFO - Get LATEST chromedriver version for google-chrome 112.0.5615
2023/05/08 02:41:44 - INFO - Driver [C:\Users\leona\.wdm\drivers\chromedriver\win32\112.0.5615\chromedriver.exe] found in cache
2023/05/08 02:41:50 - INFO - convenio utilizado:Cassi
2023/05/08 02:43:45 - INFO - https://timesaver.com.br/controller/read/medicos?medico=Marcos%20de%20abreu%20bonardi&id=1
2023/05/08 02:44:39 - INFO - ====== WebDriver manager ======
2023/05/08 02:44:39 - INFO - Get LATEST chromedriver version for google-chrome 112.0.5615
2023/05/08 02:44:40 - INFO - Driver [C:\Users\leona\.wdm\drivers\chromedriver\win32\112.0.5615\chromedriver.exe] found in cache
2023/05/08 02:45:38 - INFO - ====== WebDriver manager ======
2023/05/08 02:45:39 - INFO - Get LATEST chromedriver version for google-chrome 112.0.5615
2023/05/08 02:45:39 - INFO - Driver [C:\Users\leona\.wdm\drivers\chromedriver\win32\112.0.5615\chromedriver.exe] found in cache
2023/05/08 02:45:45 - INFO - convenio utilizado:Unimed Curitiba
2023/05/08 02:45:46 - INFO - ====== WebDriver manager ======
2023/05/08 02:45:46 - INFO - Get LATEST chromedriver version for google-chrome 112.0.5615
2023/05/08 02:45:46 - INFO - Driver [C:\Users\leona\.wdm\drivers\chromedriver\win32\112.0.5615\chromedriver.exe] found in cache
2023/05/08 02:45:51 - ERROR - Message: Could not locate element with visible text: MARCOS DE ABREU BONARDI
Traceback (most recent call last):
  File "D:\Desenvolvimento\OneDrive - Syara Education\desenvolvimento\TimeSaver\totem\bots.pyw", line 192, in unimed
    u.select(medico)
  File "D:\Desenvolvimento\OneDrive - Syara Education\desenvolvimento\TimeSaver\totem\src\bot\unimed.py", line 208, in select
    select.select_by_visible_text(medico)
  File "D:\Desenvolvimento\OneDrive - Syara Education\desenvolvimento\TimeSaver\totem\tutorial-env\lib\site-packages\selenium\webdriver\support\select.py", line 134, in select_by_visible_text
    raise NoSuchElementException(f"Could not locate element with visible text: {text}")
selenium.common.exceptions.NoSuchElementException: Message: Could not locate element with visible text: MARCOS DE ABREU BONARDI

2023/05/08 02:45:51 - INFO - ====== WebDriver manager ======
2023/05/08 02:45:52 - INFO - Get LATEST chromedriver version for google-chrome 112.0.5615
2023/05/08 02:45:52 - INFO - Driver [C:\Users\leona\.wdm\drivers\chromedriver\win32\112.0.5615\chromedriver.exe] found in cache
2023/05/08 02:46:00 - ERROR - Message: Could not locate element with visible text: MARCOS DE ABREU BONARDI
Traceback (most recent call last):
  File "D:\Desenvolvimento\OneDrive - Syara Education\desenvolvimento\TimeSaver\totem\bots.pyw", line 192, in unimed
    u.select(medico)
  File "D:\Desenvolvimento\OneDrive - Syara Education\desenvolvimento\TimeSaver\totem\src\bot\unimed.py", line 208, in select
    select.select_by_visible_text(medico)
  File "D:\Desenvolvimento\OneDrive - Syara Education\desenvolvimento\TimeSaver\totem\tutorial-env\lib\site-packages\selenium\webdriver\support\select.py", line 134, in select_by_visible_text
    raise NoSuchElementException(f"Could not locate element with visible text: {text}")
selenium.common.exceptions.NoSuchElementException: Message: Could not locate element with visible text: MARCOS DE ABREU BONARDI

2023/05/08 02:46:01 - INFO - ====== WebDriver manager ======
2023/05/08 02:46:01 - INFO - Get LATEST chromedriver version for google-chrome 112.0.5615
2023/05/08 02:46:02 - INFO - Driver [C:\Users\leona\.wdm\drivers\chromedriver\win32\112.0.5615\chromedriver.exe] found in cache
2023/05/08 02:46:08 - ERROR - Message: Could not locate element with visible text: MARCOS DE ABREU BONARDI
Traceback (most recent call last):
  File "D:\Desenvolvimento\OneDrive - Syara Education\desenvolvimento\TimeSaver\totem\bots.pyw", line 192, in unimed
    u.select(medico)
  File "D:\Desenvolvimento\OneDrive - Syara Education\desenvolvimento\TimeSaver\totem\src\bot\unimed.py", line 208, in select
    select.select_by_visible_text(medico)
  File "D:\Desenvolvimento\OneDrive - Syara Education\desenvolvimento\TimeSaver\totem\tutorial-env\lib\site-packages\selenium\webdriver\support\select.py", line 134, in select_by_visible_text
    raise NoSuchElementException(f"Could not locate element with visible text: {text}")
selenium.common.exceptions.NoSuchElementException: Message: Could not locate element with visible text: MARCOS DE ABREU BONARDI

2023/05/08 02:47:05 - INFO - ====== WebDriver manager ======
2023/05/08 02:47:06 - INFO - Get LATEST chromedriver version for google-chrome 112.0.5615
2023/05/08 02:47:07 - INFO - Driver [C:\Users\leona\.wdm\drivers\chromedriver\win32\112.0.5615\chromedriver.exe] found in cache
2023/05/08 02:47:13 - INFO - convenio utilizado:Amil (Planos)
2023/05/08 02:47:14 - INFO - https://timesaver.com.br/controller/read/medicos?medico=Olival%20de%20Oliveira%20Junior&id=1
2023/05/08 02:47:16 - INFO - ====== WebDriver manager ======
2023/05/08 02:47:17 - INFO - Get LATEST chromedriver version for google-chrome 112.0.5615
2023/05/08 02:47:17 - INFO - Driver [C:\Users\leona\.wdm\drivers\chromedriver\win32\112.0.5615\chromedriver.exe] found in cache
2023/05/08 02:47:27 - INFO - clickado no auttorização previa com sucesso
2023/05/08 02:47:42 - ERROR - Message: 
Stacktrace:
Backtrace:
	GetHandleVerifier [0x007EDCE3+50899]
	(No symbol) [0x0077E111]
	(No symbol) [0x00685588]
	(No symbol) [0x006B08F9]
	(No symbol) [0x006B0AFB]
	(No symbol) [0x006DF902]
	(No symbol) [0x006CB944]
	(No symbol) [0x006DE01C]
	(No symbol) [0x006CB6F6]
	(No symbol) [0x006A7708]
	(No symbol) [0x006A886D]
	GetHandleVerifier [0x00A53EAE+2566302]
	GetHandleVerifier [0x00A892B1+2784417]
	GetHandleVerifier [0x00A8327C+2759788]
	GetHandleVerifier [0x00885740+672048]
	(No symbol) [0x00788872]
	(No symbol) [0x007841C8]
	(No symbol) [0x007842AB]
	(No symbol) [0x007771B7]
	BaseThreadInitThunk [0x76CE0099+25]
	RtlGetAppContainerNamedObjectPath [0x77C37B6E+286]
	RtlGetAppContainerNamedObjectPath [0x77C37B3E+238]
Traceback (most recent call last):
  File "D:\Desenvolvimento\OneDrive - Syara Education\desenvolvimento\TimeSaver\totem\bots.pyw", line 162, in exec
    result = escolher_convenio(data)
  File "D:\Desenvolvimento\OneDrive - Syara Education\desenvolvimento\TimeSaver\totem\bots.pyw", line 90, in escolher_convenio
    result = exec_amil(data)
  File "D:\Desenvolvimento\OneDrive - Syara Education\desenvolvimento\TimeSaver\totem\bots.pyw", line 116, in exec_amil
    amil.insert_CPF(data['carteira'])
  File "D:\Desenvolvimento\OneDrive - Syara Education\desenvolvimento\TimeSaver\totem\src\bot\amil.py", line 80, in insert_CPF
    self.i.locacated(xpath)
  File "D:\Desenvolvimento\OneDrive - Syara Education\desenvolvimento\TimeSaver\totem\src\interation\__init__.py", line 76, in locacated
    if self.element(tag, time, method):
  File "D:\Desenvolvimento\OneDrive - Syara Education\desenvolvimento\TimeSaver\totem\src\interation\__init__.py", line 60, in element
    WebDriverWait(self.driver, time).until(
  File "D:\Desenvolvimento\OneDrive - Syara Education\desenvolvimento\TimeSaver\totem\tutorial-env\lib\site-packages\selenium\webdriver\support\wait.py", line 95, in until
    raise TimeoutException(message, screen, stacktrace)
selenium.common.exceptions.TimeoutException: Message: 
Stacktrace:
Backtrace:
	GetHandleVerifier [0x007EDCE3+50899]
	(No symbol) [0x0077E111]
	(No symbol) [0x00685588]
	(No symbol) [0x006B08F9]
	(No symbol) [0x006B0AFB]
	(No symbol) [0x006DF902]
	(No symbol) [0x006CB944]
	(No symbol) [0x006DE01C]
	(No symbol) [0x006CB6F6]
	(No symbol) [0x006A7708]
	(No symbol) [0x006A886D]
	GetHandleVerifier [0x00A53EAE+2566302]
	GetHandleVerifier [0x00A892B1+2784417]
	GetHandleVerifier [0x00A8327C+2759788]
	GetHandleVerifier [0x00885740+672048]
	(No symbol) [0x00788872]
	(No symbol) [0x007841C8]
	(No symbol) [0x007842AB]
	(No symbol) [0x007771B7]
	BaseThreadInitThunk [0x76CE0099+25]
	RtlGetAppContainerNamedObjectPath [0x77C37B6E+286]
	RtlGetAppContainerNamedObjectPath [0x77C37B3E+238]

2023/05/08 02:48:14 - INFO - ====== WebDriver manager ======
2023/05/08 02:48:15 - INFO - Get LATEST chromedriver version for google-chrome 112.0.5615
2023/05/08 02:48:15 - INFO - Driver [C:\Users\leona\.wdm\drivers\chromedriver\win32\112.0.5615\chromedriver.exe] found in cache
2023/05/08 02:48:21 - INFO - convenio utilizado:Amil (Planos)
2023/05/08 02:48:22 - INFO - https://timesaver.com.br/controller/read/medicos?medico=Olival%20de%20Oliveira%20Junior&id=1
2023/05/08 02:48:23 - INFO - ====== WebDriver manager ======
2023/05/08 02:48:23 - INFO - Get LATEST chromedriver version for google-chrome 112.0.5615
2023/05/08 02:48:23 - INFO - Driver [C:\Users\leona\.wdm\drivers\chromedriver\win32\112.0.5615\chromedriver.exe] found in cache
2023/05/08 02:48:34 - INFO - clickado no auttorização previa com sucesso
2023/05/08 02:48:56 - ERROR - Message: 
Stacktrace:
Backtrace:
	GetHandleVerifier [0x007EDCE3+50899]
	(No symbol) [0x0077E111]
	(No symbol) [0x00685588]
	(No symbol) [0x006B08F9]
	(No symbol) [0x006B0AFB]
	(No symbol) [0x006DF902]
	(No symbol) [0x006CB944]
	(No symbol) [0x006DE01C]
	(No symbol) [0x006CB6F6]
	(No symbol) [0x006A7708]
	(No symbol) [0x006A886D]
	GetHandleVerifier [0x00A53EAE+2566302]
	GetHandleVerifier [0x00A892B1+2784417]
	GetHandleVerifier [0x00A8327C+2759788]
	GetHandleVerifier [0x00885740+672048]
	(No symbol) [0x00788872]
	(No symbol) [0x007841C8]
	(No symbol) [0x007842AB]
	(No symbol) [0x007771B7]
	BaseThreadInitThunk [0x76CE0099+25]
	RtlGetAppContainerNamedObjectPath [0x77C37B6E+286]
	RtlGetAppContainerNamedObjectPath [0x77C37B3E+238]
Traceback (most recent call last):
  File "D:\Desenvolvimento\OneDrive - Syara Education\desenvolvimento\TimeSaver\totem\bots.pyw", line 162, in exec
    result = escolher_convenio(data)
  File "D:\Desenvolvimento\OneDrive - Syara Education\desenvolvimento\TimeSaver\totem\bots.pyw", line 90, in escolher_convenio
    result = exec_amil(data)
  File "D:\Desenvolvimento\OneDrive - Syara Education\desenvolvimento\TimeSaver\totem\bots.pyw", line 128, in exec_amil
    amil.inserir_token(token)
  File "D:\Desenvolvimento\OneDrive - Syara Education\desenvolvimento\TimeSaver\totem\src\bot\amil.py", line 154, in inserir_token
    self.i.write('//*[@id="chave"]', token)
  File "D:\Desenvolvimento\OneDrive - Syara Education\desenvolvimento\TimeSaver\totem\src\interation\__init__.py", line 19, in write
    WebDriverWait(self.driver, time).until(
  File "D:\Desenvolvimento\OneDrive - Syara Education\desenvolvimento\TimeSaver\totem\tutorial-env\lib\site-packages\selenium\webdriver\support\wait.py", line 95, in until
    raise TimeoutException(message, screen, stacktrace)
selenium.common.exceptions.TimeoutException: Message: 
Stacktrace:
Backtrace:
	GetHandleVerifier [0x007EDCE3+50899]
	(No symbol) [0x0077E111]
	(No symbol) [0x00685588]
	(No symbol) [0x006B08F9]
	(No symbol) [0x006B0AFB]
	(No symbol) [0x006DF902]
	(No symbol) [0x006CB944]
	(No symbol) [0x006DE01C]
	(No symbol) [0x006CB6F6]
	(No symbol) [0x006A7708]
	(No symbol) [0x006A886D]
	GetHandleVerifier [0x00A53EAE+2566302]
	GetHandleVerifier [0x00A892B1+2784417]
	GetHandleVerifier [0x00A8327C+2759788]
	GetHandleVerifier [0x00885740+672048]
	(No symbol) [0x00788872]
	(No symbol) [0x007841C8]
	(No symbol) [0x007842AB]
	(No symbol) [0x007771B7]
	BaseThreadInitThunk [0x76CE0099+25]
	RtlGetAppContainerNamedObjectPath [0x77C37B6E+286]
	RtlGetAppContainerNamedObjectPath [0x77C37B3E+238]

